<?xml version="1.0" encoding="UTF-8"?>
<!-- Generated by org.testng.reporters.JUnitReportReporter -->
<testsuite hostname="DESKTOP-B23AUK0" failures="0" tests="1" name="MavenJenkins.UITest" time="40.795" errors="0" timestamp="2023-05-31T16:45:55 IST" skipped="0">
  <testcase classname="MavenJenkins.UITest" name="startBrowser" time="40.795"/>
  <system-out/>
</testsuite> <!-- MavenJenkins.UITest -->
