<?xml version="1.0" encoding="UTF-8"?>
<!-- Generated by org.testng.reporters.JUnitReportReporter -->
<testsuite hostname="DESKTOP-B23AUK0" failures="0" tests="1" name="MavenJenkins.UITest" time="25.155" errors="0" timestamp="2023-05-31T16:09:40 IST" skipped="0">
  <testcase classname="MavenJenkins.UITest" name="startBrowser" time="25.155"/>
  <system-out/>
</testsuite> <!-- MavenJenkins.UITest -->
